TIME     : 2016-07-01 16:05:52
FILE     : WorkThread.cpp
FUNCTION : CWorkThread::start
LINENUM  : 68
DETAIL   : WorkThread ID : 7128


TIME     : 2016-07-01 16:05:52
FILE     : WorkThread.cpp
FUNCTION : CWorkThread::start
LINENUM  : 68
DETAIL   : WorkThread ID : 6132


TIME     : 2016-07-01 16:05:52
FILE     : WorkThread.cpp
FUNCTION : CWorkThread::start
LINENUM  : 68
DETAIL   : WorkThread ID : 5316


TIME     : 2016-07-01 16:05:52
FILE     : WorkThread.cpp
FUNCTION : CWorkThread::start
LINENUM  : 68
DETAIL   : WorkThread ID : 10000


TIME     : 2016-07-01 16:05:52
FILE     : VBoxApi.cpp
FUNCTION : VB_RemoveSharedFolder
LINENUM  : 1351
DETAIL   : ErrorCode is "108". Detail : VB_ERR_REMOVE_SHAREDFOLDER_FAIL

TIME     : 2016-07-01 16:05:52
FILE     : VBoxApi.cpp
FUNCTION : VB_RemoveSharedFolder
LINENUM  : 1351
DETAIL   : ErrorCode is "108". Detail : VB_ERR_REMOVE_SHAREDFOLDER_FAIL

TIME     : 2016-07-01 16:05:52
FILE     : VBoxApi.cpp
FUNCTION : VB_RemoveSharedFolder
LINENUM  : 1351
DETAIL   : ErrorCode is "108". Detail : VB_ERR_REMOVE_SHAREDFOLDER_FAIL

TIME     : 2016-07-01 16:06:45
FILE     : VBoxApi.cpp
FUNCTION : VB_StopMachine
LINENUM  : 369
DETAIL   : ErrorCode is "8". Detail : VB_ERR_MACHINE_STOP_FAIL

